\BOOKMARK [0][-]{chapter*.2}{\376\377\000N\000o\000t\000e\000\040\000i\000n\000t\000r\000o\000d\000u\000t\000t\000i\000v\000e}{}% 1
\BOOKMARK [1][-]{section.0.1}{\376\377\000C\000i\000a\000n\000c\000i\000o\000\040\000a\000l\000l\000e\000\040\000b\000a\000n\000d\000e}{chapter*.2}% 2
\BOOKMARK [1][-]{section.0.2}{\376\377\000C\000r\000e\000d\000i\000t\000i}{chapter*.2}% 3
\BOOKMARK [1][-]{section.0.3}{\376\377\000C\000o\000n\000t\000a\000t\000t\000i}{chapter*.2}% 4
\BOOKMARK [0][-]{chapter.1}{\376\377\000F\000u\000n\000z\000i\000o\000n\000i\000\040\000a\000n\000a\000l\000i\000t\000i\000c\000h\000e\000,\000\040\000p\000r\000o\000l\000u\000n\000g\000a\000m\000e\000n\000t\000i\000\040\000e\000d\000\040\000e\000s\000p\000a\000n\000s\000i\000o\000n\000i\000\040\000a\000s\000i\000n\000t\000o\000t\000i\000c\000h\000e}{}% 5
\BOOKMARK [1][-]{section.1.1}{\376\377\000S\000p\000u\000n\000t\000i\000\040\000d\000i\000\040\000t\000e\000o\000r\000i\000a\000\040\000g\000e\000n\000e\000r\000a\000l\000e\000\040\000\050\000D\000a\000v\000i\000d\000e\000\040\000B\000u\000f\000a\000l\000i\000n\000i\000,\000\040\000A\000l\000e\000s\000s\000a\000n\000d\000r\000o\000\040\000M\000a\000r\000c\000e\000l\000l\000i\000\051}{chapter.1}% 6
\BOOKMARK [2][-]{subsection.1.1.1}{\376\377\000I\000\040\000n\000u\000m\000e\000r\000i\000\040\000c\000o\000m\000p\000l\000e\000s\000s\000i\000\040\000\050\000A\000l\000e\000s\000s\000a\000n\000d\000r\000o\000\040\000M\000a\000r\000c\000e\000l\000l\000i\000\051}{section.1.1}% 7
\BOOKMARK [2][-]{subsection.1.1.2}{\376\377\000F\000u\000n\000z\000i\000o\000n\000i\000\040\000d\000i\000\040\000v\000a\000r\000i\000a\000b\000i\000l\000e\000\040\000c\000o\000m\000p\000l\000e\000s\000s\000a\000\040\000\050\000A\000l\000e\000s\000s\000a\000n\000d\000r\000o\000\040\000M\000a\000r\000c\000e\000l\000l\000i\000\051}{section.1.1}% 8
\BOOKMARK [2][-]{subsection.1.1.3}{\376\377\000Z\000e\000r\000i\000\040\000e\000\040\000s\000i\000n\000g\000o\000l\000a\000r\000i\000t\000\340\000\040\000\050\000A\000l\000e\000s\000s\000a\000n\000d\000r\000o\000\040\000M\000a\000r\000c\000e\000l\000l\000i\000\051}{section.1.1}% 9
\BOOKMARK [3][-]{subsubsection.1.1.3.1}{\376\377\000Z\000e\000r\000i}{subsection.1.1.3}% 10
\BOOKMARK [3][-]{subsubsection.1.1.3.2}{\376\377\000S\000i\000n\000g\000o\000l\000a\000r\000i\000t\000\340}{subsection.1.1.3}% 11
\BOOKMARK [3][-]{subsubsection.1.1.3.3}{\376\377\000R\000e\000s\000i\000d\000u\000i}{subsection.1.1.3}% 12
\BOOKMARK [2][-]{subsection.1.1.4}{\376\377\000I\000n\000d\000i\000c\000a\000t\000o\000r\000e\000\040\000L\000o\000g\000a\000r\000i\000t\000m\000i\000c\000o\000\040\000\050\000D\000a\000v\000i\000d\000e\000\040\000B\000u\000f\000a\000l\000i\000n\000i\000\051}{section.1.1}% 13
\BOOKMARK [2][-]{subsection.1.1.5}{\376\377\000E\000s\000p\000a\000n\000s\000i\000o\000n\000e\000\040\000d\000i\000\040\000W\000e\000i\000e\000r\000s\000t\000r\000a\000s\000s\000\040\000\050\000D\000a\000v\000i\000d\000e\000\040\000B\000u\000f\000a\000l\000i\000n\000i\000\051}{section.1.1}% 14
\BOOKMARK [2][-]{subsection.1.1.6}{\376\377\000F\000u\000n\000z\000i\000o\000n\000i\000\040\000s\000p\000e\000c\000i\000a\000l\000i\000\040\000\050\000A\000l\000e\000s\000s\000a\000n\000d\000r\000o\000\040\000M\000a\000r\000c\000e\000l\000l\000i\000\051}{section.1.1}% 15
\BOOKMARK [3][-]{subsubsection.1.1.6.1}{\376\377\000F\000u\000n\000z\000i\000o\000n\000e\000\040\000G\000a\000m\000m\000a\000\040\000d\000i\000\040\000E\000u\000l\000e\000r\000o}{subsection.1.1.6}% 16
\BOOKMARK [3][-]{subsubsection.1.1.6.2}{\376\377\000F\000u\000n\000z\000i\000o\000n\000e\000\040\000D\000i\000g\000a\000m\000m\000a}{subsection.1.1.6}% 17
\BOOKMARK [3][-]{subsubsection.1.1.6.3}{\376\377\000F\000u\000n\000z\000i\000o\000n\000e\000\040\000b\000e\000t\000a\000\040\000d\000i\000\040\000E\000u\000l\000e\000r\000o}{subsection.1.1.6}% 18
\BOOKMARK [3][-]{subsubsection.1.1.6.4}{\376\377\000F\000u\000n\000z\000i\000o\000n\000e\000\040\000z\000e\000t\000a\000\040\000d\000i\000\040\000R\000i\000e\000m\000a\000n\000n\000\040\000g\000e\000n\000e\000r\000a\000l\000i\000z\000z\000a\000t\000a}{subsection.1.1.6}% 19
\BOOKMARK [1][-]{section.1.2}{\376\377\000I\000n\000v\000e\000r\000s\000i\000o\000n\000e\000\040\000e\000\040\000r\000e\000c\000i\000p\000r\000o\000c\000i\000t\000\340\000\040\000l\000o\000c\000a\000l\000e\000\040\000\050\000D\000a\000v\000i\000d\000e\000\040\000B\000u\000f\000a\000l\000i\000n\000i\000\051}{chapter.1}% 20
\BOOKMARK [2][-]{subsection.1.2.1}{\376\377\000S\000p\000u\000n\000t\000i\000\040\000d\000i\000\040\000t\000e\000o\000r\000i\000a\000\040\000\050\000D\000a\000v\000i\000d\000e\000\040\000B\000u\000f\000a\000l\000i\000n\000i\000\051}{section.1.2}% 21
\BOOKMARK [3][-]{subsubsection.1.2.1.1}{\376\377\000F\000u\000n\000z\000i\000o\000n\000e\000\040\000r\000e\000c\000i\000p\000r\000o\000c\000a}{subsection.1.2.1}% 22
\BOOKMARK [3][-]{subsubsection.1.2.1.2}{\376\377\000F\000u\000n\000z\000i\000o\000n\000e\000\040\000i\000n\000v\000e\000r\000s\000a}{subsection.1.2.1}% 23
\BOOKMARK [2][-]{subsection.1.2.2}{\376\377\000N\000u\000m\000e\000r\000i\000\040\000d\000i\000\040\000E\000u\000l\000e\000r\000o}{section.1.2}% 24
\BOOKMARK [2][-]{subsection.1.2.3}{\376\377\000N\000u\000m\000e\000r\000i\000\040\000d\000i\000\040\000B\000e\000r\000n\000o\000u\000l\000l\000i}{section.1.2}% 25
\BOOKMARK [1][-]{section.1.3}{\376\377\000E\000s\000p\000a\000n\000s\000i\000o\000n\000e\000\040\000d\000i\000\040\000M\000i\000t\000t\000a\000g\000-\000L\000e\000f\000f\000l\000e\000r\000\040\000\050\000D\000a\000v\000i\000d\000e\000\040\000B\000u\000f\000a\000l\000i\000n\000i\000\051}{chapter.1}% 26
\BOOKMARK [2][-]{subsection.1.3.1}{\376\377\000E\000s\000e\000m\000p\000i\000o\000\040\0001\000:\000\040\000c\000o\000t\000\050\000z\000\051}{section.1.3}% 27
\BOOKMARK [3][-]{subsubsection.1.3.1.1}{\376\377\000C\000a\000l\000c\000o\000l\000o\000\040\000d\000e\000l\000l\000'\000e\000s\000p\000a\000n\000s\000i\000o\000n\000e}{subsection.1.3.1}% 28
\BOOKMARK [3][-]{subsubsection.1.3.1.2}{\376\377\000V\000e\000r\000i\000f\000i\000c\000a\000\040\000d\000e\000l\000l\000'\000e\000s\000p\000a\000n\000s\000i\000o\000n\000e}{subsection.1.3.1}% 29
\BOOKMARK [2][-]{subsection.1.3.2}{\376\377\000E\000s\000e\000m\000p\000i\000o\000\040\0002\000:\000\040\000s\000i\000n\000-\0002\000\050\000z\000\051}{section.1.3}% 30
\BOOKMARK [1][-]{section.1.4}{\376\377\000S\000o\000m\000m\000e\000r\000f\000e\000l\000d\000-\000W\000a\000t\000s\000o\000n\000\040\000\050\000D\000a\000v\000i\000d\000e\000\040\000B\000u\000f\000a\000l\000i\000n\000i\000\051}{chapter.1}% 31
\BOOKMARK [2][-]{subsection.1.4.1}{\376\377\000E\000s\000e\000m\000p\000i\000o\000\040\0001}{section.1.4}% 32
\BOOKMARK [1][-]{section.1.5}{\376\377\000E\000s\000p\000a\000n\000s\000i\000o\000n\000i\000\040\000a\000s\000i\000n\000t\000o\000t\000i\000c\000h\000e\000\040\000\050\000D\000a\000v\000i\000d\000e\000\040\000B\000u\000f\000a\000l\000i\000n\000i\000,\000\040\000A\000l\000e\000s\000s\000a\000n\000d\000r\000o\000\040\000M\000a\000r\000c\000e\000l\000l\000i\000,\000\040\000P\000a\000o\000l\000o\000\040\000P\000r\000o\000i\000a\000\051}{chapter.1}% 33
\BOOKMARK [2][-]{subsection.1.5.1}{\376\377\000S\000p\000u\000n\000t\000i\000\040\000d\000i\000\040\000t\000e\000o\000r\000i\000a\000\040\000\050\000D\000a\000v\000i\000d\000e\000\040\000B\000u\000f\000a\000l\000i\000n\000i\000,\000\040\000A\000l\000e\000s\000s\000a\000n\000d\000r\000o\000\040\000M\000a\000r\000c\000e\000l\000l\000i\000,\000\040\000P\000a\000o\000l\000o\000\040\000P\000r\000o\000i\000a\000\051}{section.1.5}% 34
\BOOKMARK [3][-]{subsubsection.1.5.1.1}{\376\377\000D\000e\000f\000i\000n\000i\000z\000i\000o\000n\000e\000\040\000m\000o\000l\000t\000o\000\040\000g\000e\000n\000e\000r\000a\000l\000e\000\040\000\050\000A\000l\000e\000s\000s\000a\000n\000d\000r\000o\000\040\000M\000a\000r\000c\000e\000l\000l\000i\000\051}{subsection.1.5.1}% 35
\BOOKMARK [3][-]{subsubsection.1.5.1.2}{\376\377\000T\000e\000r\000m\000i\000n\000e\000\040\000L\000e\000a\000d\000i\000n\000g\000:\000\040\000M\000e\000t\000o\000d\000o\000\040\000d\000i\000\040\000L\000a\000p\000l\000a\000c\000e\000\040\000\050\000A\000l\000e\000s\000s\000a\000n\000d\000r\000o\000\040\000M\000a\000r\000c\000e\000l\000l\000i\000\051}{subsection.1.5.1}% 36
\BOOKMARK [3][-]{subsubsection.1.5.1.3}{\376\377\000M\000e\000t\000o\000d\000o\000\040\000r\000i\000s\000o\000l\000u\000t\000i\000v\000o\000\040\000g\000e\000n\000e\000r\000a\000l\000i\000z\000z\000a\000t\000o\000\040\000\050\000P\000a\000o\000l\000o\000\040\000P\000r\000o\000i\000a\000\051}{subsection.1.5.1}% 37
\BOOKMARK [3][-]{subsubsection.1.5.1.4}{\376\377\000M\000e\000t\000o\000d\000o\000\040\000d\000e\000l\000\040\000p\000u\000n\000t\000o\000\040\000d\000i\000\040\000s\000e\000l\000l\000a\000\040\000\050\000D\000a\000v\000i\000d\000e\000\040\000B\000u\000f\000a\000l\000i\000n\000i\000\051}{subsection.1.5.1}% 38
\BOOKMARK [2][-]{subsection.1.5.2}{\376\377\000E\000s\000e\000m\000p\000i\000o\000\040\0001\000:\000\040\000m\000e\000t\000o\000d\000o\000\040\000g\000e\000n\000e\000r\000a\000l\000i\000z\000z\000a\000t\000o\000\040\000\050\000P\000a\000o\000l\000o\000\040\000P\000r\000o\000i\000a\000\051}{section.1.5}% 39
\BOOKMARK [2][-]{subsection.1.5.3}{\376\377\000E\000s\000e\000m\000p\000i\000o\000\040\0002\000\040\000\050\000D\000a\000v\000i\000d\000e\000\040\000B\000u\000f\000a\000l\000i\000n\000i\000\051\000\040}{section.1.5}% 40
\BOOKMARK [2][-]{subsection.1.5.4}{\376\377\000E\000s\000e\000m\000p\000i\000o\000\040\0003\000\040\000\050\000D\000a\000v\000i\000d\000e\000\040\000B\000u\000f\000a\000l\000i\000n\000i\000\051}{section.1.5}% 41
\BOOKMARK [2][-]{subsection.1.5.5}{\376\377\000E\000s\000e\000m\000p\000i\000o\000\040\0004\000\040\000\050\000D\000a\000v\000i\000d\000e\000\040\000B\000u\000f\000a\000l\000i\000n\000i\000\051}{section.1.5}% 42
\BOOKMARK [2][-]{subsection.1.5.6}{\376\377\000E\000s\000e\000m\000p\000i\000o\000\040\0005\000:\000\040\000P\000u\000n\000t\000o\000\040\000d\000i\000\040\000s\000e\000l\000l\000a\000\040\0001\000\040\000\050\000D\000a\000v\000i\000d\000e\000\040\000B\000u\000f\000a\000l\000i\000n\000i\000\051}{section.1.5}% 43
\BOOKMARK [2][-]{subsection.1.5.7}{\376\377\000E\000s\000e\000m\000p\000i\000o\000\040\0006\000:\000\040\000P\000u\000n\000t\000o\000\040\000d\000i\000\040\000s\000e\000l\000l\000a\000\040\0002\000\040\000\050\000D\000a\000v\000i\000d\000e\000\040\000B\000u\000f\000a\000l\000i\000n\000i\000\051}{section.1.5}% 44
\BOOKMARK [0][-]{chapter.2}{\376\377\000O\000p\000e\000r\000a\000t\000o\000r\000i\000\040\000I\000n\000f\000i\000n\000i\000t\000o\000-\000D\000i\000m\000e\000n\000s\000i\000o\000n\000a\000l\000i}{}% 45
\BOOKMARK [1][-]{section.2.1}{\376\377\000S\000p\000u\000n\000t\000i\000\040\000d\000i\000\040\000t\000e\000o\000r\000i\000a\000\040\000g\000e\000n\000e\000r\000a\000l\000e\000\040\000\050\000A\000l\000e\000s\000s\000a\000n\000d\000r\000o\000\040\000M\000a\000r\000c\000e\000l\000l\000i\000\051}{chapter.2}% 46
\BOOKMARK [2][-]{subsection.2.1.1}{\376\377\000N\000o\000z\000i\000o\000n\000i\000\040\000g\000e\000n\000e\000r\000a\000l\000i\000\040\000s\000u\000g\000l\000i\000\040\000s\000p\000a\000z\000i}{section.2.1}% 47
\BOOKMARK [3][-]{subsubsection.2.1.1.1}{\376\377\000S\000p\000a\000z\000i\000\040\000v\000e\000t\000t\000o\000r\000i\000a\000l\000i}{subsection.2.1.1}% 48
\BOOKMARK [3][-]{subsubsection.2.1.1.2}{\376\377\000S\000p\000a\000z\000i\000\040\000m\000e\000t\000r\000i\000c\000i\000,\000\040\000n\000o\000r\000m\000a\000t\000i\000\040\000e\000d\000\040\000e\000u\000c\000l\000i\000d\000e\000i}{subsection.2.1.1}% 49
\BOOKMARK [2][-]{subsection.2.1.2}{\376\377\000O\000p\000e\000r\000a\000t\000o\000r\000i}{section.2.1}% 50
\BOOKMARK [3][-]{subsubsection.2.1.2.1}{\376\377\000S\000p\000e\000t\000t\000r\000i\000\040\000p\000e\000r\000\040\000o\000p\000e\000r\000a\000t\000o\000r\000i\000\040\000I\000n\000f\000i\000n\000i\000t\000o\000-\000D\000i\000m\000e\000n\000s\000i\000o\000n\000a\000l\000i}{subsection.2.1.2}% 51
\BOOKMARK [1][-]{section.2.2}{\376\377\000O\000p\000e\000r\000a\000t\000o\000r\000i\000\040\000i\000n\000t\000e\000g\000r\000a\000l\000i\000\040\000\050\000D\000a\000v\000i\000d\000e\000\040\000B\000u\000f\000a\000l\000i\000n\000i\000,\000\040\000A\000l\000e\000s\000s\000a\000n\000d\000r\000o\000\040\000M\000a\000r\000c\000e\000l\000l\000i\000\051}{chapter.2}% 52
\BOOKMARK [2][-]{subsection.2.2.1}{\376\377\000S\000p\000u\000n\000t\000i\000\040\000d\000i\000\040\000t\000e\000o\000r\000i\000a\000\040\000\050\000A\000l\000e\000s\000s\000a\000n\000d\000r\000o\000\040\000M\000a\000r\000c\000e\000l\000l\000i\000\051}{section.2.2}% 53
\BOOKMARK [2][-]{subsection.2.2.2}{\376\377\000E\000s\000e\000m\000p\000i\000o\000\040\0001\000\040\000\050\000D\000a\000v\000i\000d\000e\000\040\000B\000u\000f\000a\000l\000i\000n\000i\000\051}{section.2.2}% 54
\BOOKMARK [2][-]{subsection.2.2.3}{\376\377\000E\000s\000e\000m\000p\000i\000o\000\040\0002\000\040\000\050\000D\000a\000v\000i\000d\000e\000\040\000B\000u\000f\000a\000l\000i\000n\000i\000\051}{section.2.2}% 55
\BOOKMARK [1][-]{section.2.3}{\376\377\000O\000p\000e\000r\000a\000t\000o\000r\000i\000\040\000d\000i\000f\000f\000e\000r\000e\000n\000z\000i\000a\000l\000i\000\040\000\050\000D\000a\000v\000i\000d\000e\000\040\000B\000u\000f\000a\000l\000i\000n\000i\000,\000\040\000A\000l\000e\000s\000s\000a\000n\000d\000r\000o\000\040\000M\000a\000r\000c\000e\000l\000l\000i\000\051}{chapter.2}% 56
\BOOKMARK [2][-]{subsection.2.3.1}{\376\377\000S\000p\000u\000n\000t\000i\000\040\000d\000i\000\040\000t\000e\000o\000r\000i\000a\000\040\000\050\000A\000l\000e\000s\000s\000a\000n\000d\000r\000o\000\040\000M\000a\000r\000c\000e\000l\000l\000i\000\051}{section.2.3}% 57
\BOOKMARK [2][-]{subsection.2.3.2}{\376\377\000E\000s\000e\000m\000p\000i\000o\000\040\0001\000:\000\040\000O\000p\000e\000r\000a\000t\000o\000r\000e\000\040\000D\000i\000f\000f\000e\000r\000e\000n\000z\000i\000a\000l\000e\000\040\000d\000e\000l\000\040\000I\000I\000o\000\040\000O\000r\000d\000i\000n\000e\000\040\000\050\000D\000a\000v\000i\000d\000e\000\040\000B\000u\000f\000a\000l\000i\000n\000i\000\051}{section.2.3}% 58
\BOOKMARK [2][-]{subsection.2.3.3}{\376\377\000E\000s\000e\000m\000p\000i\000o\000\040\0002\000\040\000\050\000D\000a\000v\000i\000d\000e\000\040\000B\000u\000f\000a\000l\000i\000n\000i\000\051}{section.2.3}% 59
\BOOKMARK [1][-]{section.2.4}{\376\377\000O\000p\000e\000r\000a\000t\000o\000r\000i\000\040\000a\000\040\000b\000l\000o\000c\000c\000h\000i\000\040\000\050\000D\000a\000v\000i\000d\000e\000\040\000B\000u\000f\000a\000l\000i\000n\000i\000,\000\040\000A\000l\000e\000s\000s\000a\000n\000d\000r\000o\000\040\000M\000a\000r\000c\000e\000l\000l\000i\000,\000\040\000P\000a\000o\000l\000o\000\040\000P\000r\000o\000i\000a\000\051}{chapter.2}% 60
\BOOKMARK [2][-]{subsection.2.4.1}{\376\377\000E\000s\000e\000m\000p\000i\000o\000\040\0001\000\040\000c\000o\000n\000\040\000m\000e\000t\000o\000d\000o\000\040\000e\000s\000p\000l\000i\000c\000i\000t\000o\000\040\000e\000\040\000a\000n\000a\000l\000i\000t\000i\000c\000o\000\040\000\050\000D\000a\000v\000i\000d\000e\000\040\000B\000u\000f\000a\000l\000i\000n\000i\000,\000\040\000P\000a\000o\000l\000o\000\040\000P\000r\000o\000i\000a\000\051}{section.2.4}% 61
\BOOKMARK [2][-]{subsection.2.4.2}{\376\377\000E\000s\000e\000m\000p\000i\000o\000\040\0002\000\040\000c\000o\000n\000\040\000m\000e\000t\000o\000d\000o\000\040\000e\000s\000p\000l\000i\000c\000i\000t\000o\000\040\000e\000\040\000a\000n\000a\000l\000i\000t\000i\000c\000o\000\040\000\050\000D\000a\000v\000i\000d\000e\000\040\000B\000u\000f\000a\000l\000i\000n\000i\000,\000\040\000A\000l\000e\000s\000s\000a\000n\000d\000r\000o\000\040\000M\000a\000r\000c\000e\000l\000l\000i\000\051}{section.2.4}% 62
\BOOKMARK [0][-]{chapter.3}{\376\377\000E\000q\000u\000a\000z\000i\000o\000n\000i\000\040\000D\000i\000f\000f\000e\000r\000e\000n\000z\000i\000a\000l\000i\000\040\000O\000r\000d\000i\000n\000a\000r\000i\000e}{}% 63
\BOOKMARK [1][-]{section.3.1}{\376\377\000S\000p\000u\000n\000t\000i\000\040\000d\000i\000\040\000t\000e\000o\000r\000i\000a\000\040\000g\000e\000n\000e\000r\000a\000l\000e\000\040\000\050\000A\000l\000e\000s\000s\000a\000n\000d\000r\000o\000\040\000M\000a\000r\000c\000e\000l\000l\000i\000\051}{chapter.3}% 64
\BOOKMARK [2][-]{subsection.3.1.1}{\376\377\000C\000o\000n\000c\000e\000t\000t\000i\000\040\000g\000e\000n\000e\000r\000a\000l\000i}{section.3.1}% 65
\BOOKMARK [2][-]{subsection.3.1.2}{\376\377\000E\000s\000i\000s\000t\000e\000n\000z\000a\000\040\000e\000d\000\040\000u\000n\000i\000c\000i\000t\000\340\000\040\000d\000e\000l\000l\000e\000\040\000s\000o\000l\000u\000z\000i\000o\000n\000i}{section.3.1}% 66
\BOOKMARK [2][-]{subsection.3.1.3}{\376\377\000D\000i\000s\000t\000r\000i\000b\000u\000z\000i\000o\000n\000i}{section.3.1}% 67
\BOOKMARK [2][-]{subsection.3.1.4}{\376\377\000E\000q\000u\000a\000z\000i\000o\000n\000i\000\040\000D\000i\000f\000f\000e\000r\000e\000n\000z\000i\000a\000l\000i\000\040\000L\000i\000n\000e\000a\000r\000i}{section.3.1}% 68
\BOOKMARK [1][-]{section.3.2}{\376\377\000E\000D\000O\000\040\000l\000i\000n\000e\000a\000r\000i\000\040\000d\000e\000l\000\040\0001\000o\000\040\000o\000r\000d\000i\000n\000e\000\040\000[\000t\000e\000o\000r\000i\000a\000]\000\050\000A\000l\000e\000s\000s\000a\000n\000d\000r\000o\000\040\000M\000a\000r\000c\000e\000l\000l\000i\000\051}{chapter.3}% 69
\BOOKMARK [2][-]{subsection.3.2.1}{\376\377\000S\000e\000p\000a\000r\000a\000z\000i\000o\000n\000e\000\040\000d\000i\000\040\000v\000a\000r\000i\000a\000b\000i\000l\000i\000\040\000+\000\040\000v\000a\000r\000i\000a\000z\000i\000o\000n\000e\000\040\000d\000e\000l\000l\000e\000\040\000c\000o\000s\000t\000a\000n\000t\000i}{section.3.2}% 70
\BOOKMARK [2][-]{subsection.3.2.2}{\376\377\000M\000e\000t\000o\000d\000o\000\040\000d\000e\000l\000l\000a\000\040\000f\000u\000n\000z\000i\000o\000n\000e\000\040\000d\000i\000\040\000G\000r\000e\000e\000n}{section.3.2}% 71
\BOOKMARK [1][-]{section.3.3}{\376\377\000E\000D\000O\000\040\000l\000i\000n\000e\000a\000r\000i\000\040\000d\000e\000l\000\040\0002\000o\000\040\000o\000r\000d\000i\000n\000e\000\040\000\050\000A\000d\000r\000i\000a\000n\000o\000\040\000C\000h\000i\000a\000l\000a\000s\000t\000r\000i\000,\000\040\000A\000l\000e\000s\000s\000a\000n\000d\000r\000o\000\040\000M\000a\000r\000c\000e\000l\000l\000i\000\051}{chapter.3}% 72
\BOOKMARK [2][-]{subsection.3.3.1}{\376\377\000S\000p\000u\000n\000t\000i\000\040\000d\000i\000\040\000t\000e\000o\000r\000i\000a\000\040\000\050\000A\000l\000e\000s\000s\000a\000n\000d\000r\000o\000\040\000M\000a\000r\000c\000e\000l\000l\000i\000\051}{section.3.3}% 73
\BOOKMARK [3][-]{subsubsection.3.3.1.1}{\376\377\000M\000e\000t\000o\000d\000o\000\040\000d\000e\000l\000\040\000W\000r\000o\000n\000s\000k\000i\000a\000n\000o}{subsection.3.3.1}% 74
\BOOKMARK [3][-]{subsubsection.3.3.1.2}{\376\377\000M\000e\000t\000o\000d\000o\000\040\000d\000e\000l\000l\000a\000\040\000f\000u\000n\000z\000i\000o\000n\000e\000\040\000d\000i\000\040\000G\000r\000e\000e\000n}{subsection.3.3.1}% 75
\BOOKMARK [3][-]{subsubsection.3.3.1.3}{\376\377\000T\000e\000o\000r\000e\000m\000a\000\040\000d\000i\000\040\000G\000r\000e\000e\000n}{subsection.3.3.1}% 76
\BOOKMARK [3][-]{subsubsection.3.3.1.4}{\376\377\000A\000p\000p\000l\000i\000c\000a\000z\000i\000o\000n\000e\000\040\000d\000e\000l\000\040\000t\000e\000o\000r\000e\000m\000a\000\040\000d\000i\000\040\000G\000r\000e\000e\000n\000\040\000a\000i\000\040\000p\000r\000o\000b\000l\000e\000m\000i\000\040\000d\000i\000\040\000S\000t\000u\000r\000m\000-\000L\000i\000o\000u\000v\000i\000l\000l\000e}{subsection.3.3.1}% 77
\BOOKMARK [3][-]{subsubsection.3.3.1.5}{\376\377\000A\000p\000p\000l\000i\000c\000a\000z\000i\000o\000n\000e\000\040\000d\000e\000l\000\040\000t\000e\000o\000r\000e\000m\000a\000\040\000d\000i\000\040\000G\000r\000e\000e\000n\000\040\000a\000i\000\040\000p\000r\000o\000b\000l\000e\000m\000i\000\040\000d\000i\000\040\000C\000a\000u\000c\000h\000y}{subsection.3.3.1}% 78
\BOOKMARK [3][-]{subsubsection.3.3.1.6}{\376\377\000O\000p\000e\000r\000a\000t\000o\000r\000i\000\040\000l\000i\000n\000e\000a\000r\000i\000,\000\040\000u\000n\000i\000c\000i\000t\000\340\000\040\000d\000e\000l\000l\000e\000\040\000s\000o\000l\000u\000z\000i\000o\000n\000i\000\040\000e\000\040\000t\000e\000o\000r\000e\000m\000a\000\040\000d\000e\000l\000l\000'\000a\000l\000e\000r\000n\000a\000t\000i\000v\000a}{subsection.3.3.1}% 79
\BOOKMARK [3][-]{subsubsection.3.3.1.7}{\376\377\000A\000p\000p\000l\000i\000c\000a\000z\000i\000o\000n\000e\000\040\000d\000e\000l\000\040\000t\000e\000o\000r\000e\000m\000a\000\040\000d\000e\000l\000l\000'\000a\000l\000t\000e\000r\000n\000a\000t\000i\000v\000a\000\040\000a\000l\000l\000e\000\040\000f\000u\000n\000z\000i\000o\000n\000i\000\040\000d\000i\000\040\000G\000r\000e\000e\000n}{subsection.3.3.1}% 80
\BOOKMARK [2][-]{subsection.3.3.2}{\376\377\000M\000e\000s\000s\000a\000g\000g\000i\000o\000\040\000d\000a\000l\000l\000'\000a\000u\000t\000o\000r\000e}{section.3.3}% 81
\BOOKMARK [2][-]{subsection.3.3.3}{\376\377\000E\000s\000e\000m\000p\000i\000o\000\040\0001\000:\000\040\000P\000r\000o\000b\000l\000e\000m\000a\000\040\000d\000i\000\040\000C\000a\000u\000c\000h\000y\000\040\000\050\000A\000d\000r\000i\000a\000n\000o\000\040\000C\000h\000i\000a\000l\000a\000s\000t\000r\000i\000\051\000\040}{section.3.3}% 82
\BOOKMARK [2][-]{subsection.3.3.4}{\376\377\000E\000s\000e\000m\000p\000i\000o\000\040\0002\000:\000\040\000O\000m\000o\000g\000e\000n\000e\000a\000\040\000d\000i\000\040\000E\000u\000l\000e\000r\000o\000\040\000\050\000A\000d\000r\000i\000a\000n\000o\000\040\000C\000h\000i\000a\000l\000a\000s\000t\000r\000i\000\051}{section.3.3}% 83
\BOOKMARK [2][-]{subsection.3.3.5}{\376\377\000E\000s\000e\000m\000p\000i\000o\000\040\0003\000:\000\040\000P\000r\000o\000b\000l\000e\000m\000a\000\040\000d\000i\000\040\000S\000t\000u\000r\000m\000-\000L\000i\000o\000u\000v\000i\000l\000l\000e\000\040\000\050\000A\000d\000r\000i\000a\000n\000o\000\040\000C\000h\000i\000a\000l\000a\000s\000t\000r\000i\000\051}{section.3.3}% 84
\BOOKMARK [2][-]{subsection.3.3.6}{\376\377\000E\000s\000e\000m\000p\000i\000o\000\040\0004\000:\000\040\000P\000r\000o\000b\000l\000e\000m\000a\000\040\000d\000i\000\040\000C\000a\000u\000c\000h\000y\000\040\000n\000o\000n\000\040\000l\000i\000n\000e\000a\000r\000e\000\040\000\050\000A\000d\000r\000i\000a\000n\000o\000\040\000C\000h\000i\000a\000l\000a\000s\000t\000r\000i\000\051}{section.3.3}% 85
\BOOKMARK [2][-]{subsection.3.3.7}{\376\377\000E\000s\000e\000m\000p\000i\000o\000\040\0005\000:\000\040\000p\000r\000o\000v\000a\000\040\000d\000'\000e\000s\000a\000m\000e\000\040\000\050\000A\000l\000e\000s\000s\000a\000n\000d\000r\000o\000\040\000M\000a\000r\000c\000e\000l\000l\000i\000\051}{section.3.3}% 86
\BOOKMARK [1][-]{section.3.4}{\376\377\000E\000q\000u\000a\000z\000i\000o\000n\000i\000\040\000D\000i\000f\000f\000e\000r\000e\000n\000z\000i\000a\000l\000i\000\040\000O\000r\000d\000i\000n\000a\000r\000i\000e\000\040\000C\000o\000m\000p\000l\000e\000s\000s\000e\000\040\000\050\000A\000l\000e\000s\000s\000a\000n\000d\000r\000o\000\040\000M\000a\000r\000c\000e\000l\000l\000i\000\051}{chapter.3}% 87
\BOOKMARK [2][-]{subsection.3.4.1}{\376\377\000S\000p\000u\000n\000t\000i\000\040\000d\000i\000\040\000t\000e\000o\000r\000i\000a}{section.3.4}% 88
\BOOKMARK [3][-]{subsubsection.3.4.1.1}{\376\377\000C\000o\000n\000c\000e\000t\000t\000i\000\040\000i\000n\000t\000r\000o\000d\000u\000t\000t\000i\000v\000i}{subsection.3.4.1}% 89
\BOOKMARK [3][-]{subsubsection.3.4.1.2}{\376\377\000P\000u\000n\000t\000i\000\040\000r\000e\000g\000o\000l\000a\000r\000i\000\040\000e\000\040\000s\000o\000l\000u\000z\000i\000o\000n\000e\000\040\000p\000e\000r\000\040\000s\000e\000r\000i\000e}{subsection.3.4.1}% 90
\BOOKMARK [3][-]{subsubsection.3.4.1.3}{\376\377\000P\000u\000n\000t\000i\000\040\000s\000i\000n\000g\000o\000l\000a\000r\000i}{subsection.3.4.1}% 91
\BOOKMARK [4][-]{paragraph.3.4.1.3.1}{\376\377\000A\000u\000t\000o\000v\000a\000l\000o\000r\000i\000\040\000d\000i\000\040\000A\000\040\000n\000o\000n\000\040\000c\000o\000i\000n\000c\000i\000d\000e\000n\000t\000i}{subsubsection.3.4.1.3}% 92
\BOOKMARK [4][-]{paragraph.3.4.1.3.2}{\376\377\000A\000u\000t\000o\000v\000a\000l\000o\000r\000i\000\040\000d\000i\000\040\000A\000\040\000c\000o\000i\000n\000c\000i\000d\000e\000n\000t\000i}{subsubsection.3.4.1.3}% 93
\BOOKMARK [2][-]{subsection.3.4.2}{\376\377\000E\000s\000e\000m\000p\000i}{section.3.4}% 94
